{"C:\\Users\\User\\Documents\\projects\\react-production\\config\\jest\\SvgMockComponent.tsx": {"path":"C:\\Users\\User\\Documents\\projects\\react-production\\config\\jest\\SvgMockComponent.tsx","statementMap":{"0":{"start":{"line":1,"column":25},"end":{"line":1,"column":38}},"1":{"start":{"line":1,"column":31},"end":{"line":1,"column":38}}},"fnMap":{"0":{"name":"(anonymous_0)","decl":{"start":{"line":1,"column":25},"end":{"line":1,"column":26}},"loc":{"start":{"line":1,"column":31},"end":{"line":1,"column":38}},"line":1}},"branchMap":{},"s":{"0":1,"1":20},"f":{"0":20},"b":{},"_coverageSchema":"1a1c01bbd47fc00a2c39e90264f33305004495a9","hash":"ef9272846661d9fd1c376ca466472525f41aca23"}
,"C:\\Users\\User\\Documents\\projects\\react-production\\src\\app\\provider\\themeProvider\\index.ts": {"path":"C:\\Users\\User\\Documents\\projects\\react-production\\src\\app\\provider\\themeProvider\\index.ts","statementMap":{},"fnMap":{},"branchMap":{},"s":{},"f":{},"b":{},"_coverageSchema":"1a1c01bbd47fc00a2c39e90264f33305004495a9","hash":"60b940cbae47d5351befb5c34126542d3af7db86"}
,"C:\\Users\\User\\Documents\\projects\\react-production\\src\\app\\provider\\themeProvider\\lib\\ThemeContext.tsx": {"path":"C:\\Users\\User\\Documents\\projects\\react-production\\src\\app\\provider\\themeProvider\\lib\\ThemeContext.tsx","statementMap":{"0":{"start":{"line":8,"column":39},"end":{"line":8,"column":46}},"1":{"start":{"line":15,"column":28},"end":{"line":15,"column":70}}},"fnMap":{},"branchMap":{},"s":{"0":2,"1":2},"f":{},"b":{},"_coverageSchema":"1a1c01bbd47fc00a2c39e90264f33305004495a9","hash":"51485d2b2f27d613c14aa74430030ecc1c97f98c"}
,"C:\\Users\\User\\Documents\\projects\\react-production\\src\\app\\provider\\themeProvider\\lib\\useTheme.ts": {"path":"C:\\Users\\User\\Documents\\projects\\react-production\\src\\app\\provider\\themeProvider\\lib\\useTheme.ts","statementMap":{"0":{"start":{"line":9,"column":24},"end":{"line":22,"column":1}},"1":{"start":{"line":10,"column":32},"end":{"line":10,"column":56}},"2":{"start":{"line":12,"column":24},"end":{"line":16,"column":5}},"3":{"start":{"line":13,"column":25},"end":{"line":13,"column":73}},"4":{"start":{"line":14,"column":8},"end":{"line":14,"column":27}},"5":{"start":{"line":15,"column":8},"end":{"line":15,"column":64}},"6":{"start":{"line":18,"column":4},"end":{"line":21,"column":6}}},"fnMap":{"0":{"name":"(anonymous_0)","decl":{"start":{"line":9,"column":24},"end":{"line":9,"column":25}},"loc":{"start":{"line":9,"column":46},"end":{"line":22,"column":1}},"line":9},"1":{"name":"(anonymous_1)","decl":{"start":{"line":12,"column":24},"end":{"line":12,"column":25}},"loc":{"start":{"line":12,"column":30},"end":{"line":16,"column":5}},"line":12}},"branchMap":{"0":{"loc":{"start":{"line":13,"column":25},"end":{"line":13,"column":73}},"type":"cond-expr","locations":[{"start":{"line":13,"column":49},"end":{"line":13,"column":59}},{"start":{"line":13,"column":62},"end":{"line":13,"column":73}}],"line":13}},"s":{"0":2,"1":17,"2":17,"3":0,"4":0,"5":0,"6":17},"f":{"0":17,"1":0},"b":{"0":[0,0]},"_coverageSchema":"1a1c01bbd47fc00a2c39e90264f33305004495a9","hash":"1d0b13133461436428fd63adbebb5c66b5e32609"}
,"C:\\Users\\User\\Documents\\projects\\react-production\\src\\app\\provider\\themeProvider\\ui\\ThemeProvider.tsx": {"path":"C:\\Users\\User\\Documents\\projects\\react-production\\src\\app\\provider\\themeProvider\\ui\\ThemeProvider.tsx","statementMap":{"0":{"start":{"line":4,"column":21},"end":{"line":5,"column":61}},"1":{"start":{"line":11,"column":53},"end":{"line":29,"column":1}},"2":{"start":{"line":15,"column":8},"end":{"line":15,"column":13}},"3":{"start":{"line":17,"column":30},"end":{"line":17,"column":75}},"4":{"start":{"line":19,"column":25},"end":{"line":22,"column":16}},"5":{"start":{"line":19,"column":40},"end":{"line":22,"column":5}},"6":{"start":{"line":24,"column":4},"end":{"line":28,"column":6}}},"fnMap":{"0":{"name":"(anonymous_0)","decl":{"start":{"line":11,"column":53},"end":{"line":11,"column":54}},"loc":{"start":{"line":11,"column":64},"end":{"line":29,"column":1}},"line":11},"1":{"name":"(anonymous_1)","decl":{"start":{"line":19,"column":33},"end":{"line":19,"column":34}},"loc":{"start":{"line":19,"column":40},"end":{"line":22,"column":5}},"line":19}},"branchMap":{"0":{"loc":{"start":{"line":4,"column":21},"end":{"line":5,"column":61}},"type":"binary-expr","locations":[{"start":{"line":4,"column":21},"end":{"line":5,"column":46}},{"start":{"line":5,"column":50},"end":{"line":5,"column":61}}],"line":4},"1":{"loc":{"start":{"line":17,"column":46},"end":{"line":17,"column":74}},"type":"binary-expr","locations":[{"start":{"line":17,"column":46},"end":{"line":17,"column":58}},{"start":{"line":17,"column":62},"end":{"line":17,"column":74}}],"line":17}},"s":{"0":2,"1":2,"2":0,"3":0,"4":0,"5":0,"6":0},"f":{"0":0,"1":0},"b":{"0":[2,2],"1":[0,0]},"_coverageSchema":"1a1c01bbd47fc00a2c39e90264f33305004495a9","hash":"e7f155400ad80bbe84aa29ef8cd127a3b271aac3"}
,"C:\\Users\\User\\Documents\\projects\\react-production\\src\\pages\\AboutPage\\index.ts": {"path":"C:\\Users\\User\\Documents\\projects\\react-production\\src\\pages\\AboutPage\\index.ts","statementMap":{},"fnMap":{},"branchMap":{},"s":{},"f":{},"b":{},"_coverageSchema":"1a1c01bbd47fc00a2c39e90264f33305004495a9","hash":"066cd6d78b8cf8e63529f06468314b989eb0fe0a"}
,"C:\\Users\\User\\Documents\\projects\\react-production\\src\\pages\\AboutPage\\ui\\AboutPageAsync.ts": {"path":"C:\\Users\\User\\Documents\\projects\\react-production\\src\\pages\\AboutPage\\ui\\AboutPageAsync.ts","statementMap":{"0":{"start":{"line":3,"column":30},"end":{"line":3,"column":69}},"1":{"start":{"line":3,"column":47},"end":{"line":3,"column":68}}},"fnMap":{"0":{"name":"(anonymous_0)","decl":{"start":{"line":3,"column":41},"end":{"line":3,"column":42}},"loc":{"start":{"line":3,"column":47},"end":{"line":3,"column":68}},"line":3}},"branchMap":{},"s":{"0":1,"1":0},"f":{"0":0},"b":{},"_coverageSchema":"1a1c01bbd47fc00a2c39e90264f33305004495a9","hash":"ee8af8cbe8de991103e5014e6cdda02e6bc218c4"}
,"C:\\Users\\User\\Documents\\projects\\react-production\\src\\pages\\MainPage\\index.ts": {"path":"C:\\Users\\User\\Documents\\projects\\react-production\\src\\pages\\MainPage\\index.ts","statementMap":{},"fnMap":{},"branchMap":{},"s":{},"f":{},"b":{},"_coverageSchema":"1a1c01bbd47fc00a2c39e90264f33305004495a9","hash":"b46bfec9a5c5cbbd1a46c0804e1d5a6d1ea1a0e3"}
,"C:\\Users\\User\\Documents\\projects\\react-production\\src\\pages\\MainPage\\ui\\MainPage.tsx": {"path":"C:\\Users\\User\\Documents\\projects\\react-production\\src\\pages\\MainPage\\ui\\MainPage.tsx","statementMap":{"0":{"start":{"line":4,"column":21},"end":{"line":12,"column":1}},"1":{"start":{"line":5,"column":18},"end":{"line":5,"column":40}},"2":{"start":{"line":7,"column":4},"end":{"line":11,"column":6}}},"fnMap":{"0":{"name":"(anonymous_0)","decl":{"start":{"line":4,"column":21},"end":{"line":4,"column":22}},"loc":{"start":{"line":4,"column":27},"end":{"line":12,"column":1}},"line":4}},"branchMap":{},"s":{"0":1,"1":0,"2":0},"f":{"0":0},"b":{},"_coverageSchema":"1a1c01bbd47fc00a2c39e90264f33305004495a9","hash":"12497ad939217a245c50a318dc32b1763b9b8d3b"}
,"C:\\Users\\User\\Documents\\projects\\react-production\\src\\pages\\NewsPage\\index.ts": {"path":"C:\\Users\\User\\Documents\\projects\\react-production\\src\\pages\\NewsPage\\index.ts","statementMap":{},"fnMap":{},"branchMap":{},"s":{},"f":{},"b":{},"_coverageSchema":"1a1c01bbd47fc00a2c39e90264f33305004495a9","hash":"df52c61110a4a86b7b1ff294d386ae082dbec385"}
,"C:\\Users\\User\\Documents\\projects\\react-production\\src\\pages\\NewsPage\\ui\\NewsPageAsync.tsx": {"path":"C:\\Users\\User\\Documents\\projects\\react-production\\src\\pages\\NewsPage\\ui\\NewsPageAsync.tsx","statementMap":{"0":{"start":{"line":3,"column":29},"end":{"line":3,"column":67}},"1":{"start":{"line":3,"column":46},"end":{"line":3,"column":66}}},"fnMap":{"0":{"name":"(anonymous_0)","decl":{"start":{"line":3,"column":40},"end":{"line":3,"column":41}},"loc":{"start":{"line":3,"column":46},"end":{"line":3,"column":66}},"line":3}},"branchMap":{},"s":{"0":1,"1":0},"f":{"0":0},"b":{},"_coverageSchema":"1a1c01bbd47fc00a2c39e90264f33305004495a9","hash":"31ee524079f943a68dde5a065cb217cf1d3095f2"}
,"C:\\Users\\User\\Documents\\projects\\react-production\\src\\pages\\NotFound\\index.ts": {"path":"C:\\Users\\User\\Documents\\projects\\react-production\\src\\pages\\NotFound\\index.ts","statementMap":{},"fnMap":{},"branchMap":{},"s":{},"f":{},"b":{},"_coverageSchema":"1a1c01bbd47fc00a2c39e90264f33305004495a9","hash":"af18c6901082ce7f2c3d3d47bb0fcec5465730af"}
,"C:\\Users\\User\\Documents\\projects\\react-production\\src\\pages\\NotFound\\ui\\NotFound.tsx": {"path":"C:\\Users\\User\\Documents\\projects\\react-production\\src\\pages\\NotFound\\ui\\NotFound.tsx","statementMap":{"0":{"start":{"line":10,"column":43},"end":{"line":20,"column":1}},"1":{"start":{"line":11,"column":26},"end":{"line":11,"column":31}},"2":{"start":{"line":13,"column":18},"end":{"line":13,"column":40}},"3":{"start":{"line":15,"column":4},"end":{"line":19,"column":6}}},"fnMap":{"0":{"name":"(anonymous_0)","decl":{"start":{"line":10,"column":43},"end":{"line":10,"column":44}},"loc":{"start":{"line":10,"column":54},"end":{"line":20,"column":1}},"line":10}},"branchMap":{},"s":{"0":1,"1":0,"2":0,"3":0},"f":{"0":0},"b":{},"_coverageSchema":"1a1c01bbd47fc00a2c39e90264f33305004495a9","hash":"2037bca946ce6152065ff993d733cf4762a8e159"}
,"C:\\Users\\User\\Documents\\projects\\react-production\\src\\shared\\config\\configRoute.tsx\\configRoute.tsx": {"path":"C:\\Users\\User\\Documents\\projects\\react-production\\src\\shared\\config\\configRoute.tsx\\configRoute.tsx","statementMap":{"0":{"start":{"line":15,"column":60},"end":{"line":20,"column":1}},"1":{"start":{"line":22,"column":66},"end":{"line":39,"column":1}}},"fnMap":{},"branchMap":{},"s":{"0":1,"1":1},"f":{},"b":{},"_coverageSchema":"1a1c01bbd47fc00a2c39e90264f33305004495a9","hash":"b1a4f8eb622487b68f65ab7317ffbdd849779e9e"}
,"C:\\Users\\User\\Documents\\projects\\react-production\\src\\shared\\config\\i18n\\testI18n.ts": {"path":"C:\\Users\\User\\Documents\\projects\\react-production\\src\\shared\\config\\i18n\\testI18n.ts","statementMap":{"0":{"start":{"line":4,"column":0},"end":{"line":20,"column":7}}},"fnMap":{},"branchMap":{},"s":{"0":3},"f":{},"b":{},"_coverageSchema":"1a1c01bbd47fc00a2c39e90264f33305004495a9","hash":"84e8a96b57176ddb2ded5bef22eb91e5f200dd35"}
,"C:\\Users\\User\\Documents\\projects\\react-production\\src\\shared\\lib\\classNames\\classNames.tsx": {"path":"C:\\Users\\User\\Documents\\projects\\react-production\\src\\shared\\lib\\classNames\\classNames.tsx","statementMap":{"0":{"start":{"line":3,"column":26},"end":{"line":14,"column":21}},"1":{"start":{"line":7,"column":13},"end":{"line":14,"column":21}},"2":{"start":{"line":11,"column":32},"end":{"line":11,"column":46}},"3":{"start":{"line":12,"column":30},"end":{"line":12,"column":39}}},"fnMap":{"0":{"name":"(anonymous_0)","decl":{"start":{"line":3,"column":26},"end":{"line":3,"column":27}},"loc":{"start":{"line":7,"column":13},"end":{"line":14,"column":21}},"line":7},"1":{"name":"(anonymous_1)","decl":{"start":{"line":11,"column":16},"end":{"line":11,"column":17}},"loc":{"start":{"line":11,"column":32},"end":{"line":11,"column":46}},"line":11},"2":{"name":"(anonymous_2)","decl":{"start":{"line":12,"column":13},"end":{"line":12,"column":14}},"loc":{"start":{"line":12,"column":30},"end":{"line":12,"column":39}},"line":12}},"branchMap":{"0":{"loc":{"start":{"line":5,"column":4},"end":{"line":5,"column":18}},"type":"default-arg","locations":[{"start":{"line":5,"column":16},"end":{"line":5,"column":18}}],"line":5},"1":{"loc":{"start":{"line":6,"column":4},"end":{"line":6,"column":29}},"type":"default-arg","locations":[{"start":{"line":6,"column":27},"end":{"line":6,"column":29}}],"line":6}},"s":{"0":7,"1":87,"2":58,"3":15},"f":{"0":87,"1":58,"2":15},"b":{"0":[1],"1":[2]},"_coverageSchema":"1a1c01bbd47fc00a2c39e90264f33305004495a9","hash":"b3956843863ce8a9cc75ba0a01f90e5753b83724"}
,"C:\\Users\\User\\Documents\\projects\\react-production\\src\\shared\\lib\\componentRender\\componentRender.tsx": {"path":"C:\\Users\\User\\Documents\\projects\\react-production\\src\\shared\\lib\\componentRender\\componentRender.tsx","statementMap":{"0":{"start":{"line":11,"column":31},"end":{"line":25,"column":1}},"1":{"start":{"line":14,"column":8},"end":{"line":14,"column":15}},"2":{"start":{"line":16,"column":4},"end":{"line":24,"column":6}}},"fnMap":{"0":{"name":"(anonymous_0)","decl":{"start":{"line":11,"column":31},"end":{"line":11,"column":32}},"loc":{"start":{"line":11,"column":94},"end":{"line":25,"column":1}},"line":11}},"branchMap":{"0":{"loc":{"start":{"line":11,"column":53},"end":{"line":11,"column":89}},"type":"default-arg","locations":[{"start":{"line":11,"column":87},"end":{"line":11,"column":89}}],"line":11},"1":{"loc":{"start":{"line":13,"column":8},"end":{"line":13,"column":18}},"type":"default-arg","locations":[{"start":{"line":13,"column":15},"end":{"line":13,"column":18}}],"line":13}},"s":{"0":3,"1":14,"2":14},"f":{"0":14},"b":{"0":[14],"1":[14]},"_coverageSchema":"1a1c01bbd47fc00a2c39e90264f33305004495a9","hash":"faccff356beff0628da88027a79e738f96cec104"}
,"C:\\Users\\User\\Documents\\projects\\react-production\\src\\shared\\ui\\AppButton\\AppButton.tsx": {"path":"C:\\Users\\User\\Documents\\projects\\react-production\\src\\shared\\ui\\AppButton\\AppButton.tsx","statementMap":{"0":{"start":{"line":27,"column":45},"end":{"line":50,"column":1}},"1":{"start":{"line":35,"column":8},"end":{"line":35,"column":13}},"2":{"start":{"line":37,"column":42},"end":{"line":39,"column":5}},"3":{"start":{"line":41,"column":4},"end":{"line":49,"column":6}}},"fnMap":{"0":{"name":"(anonymous_0)","decl":{"start":{"line":27,"column":45},"end":{"line":27,"column":46}},"loc":{"start":{"line":27,"column":56},"end":{"line":50,"column":1}},"line":27}},"branchMap":{"0":{"loc":{"start":{"line":33,"column":8},"end":{"line":33,"column":30}},"type":"default-arg","locations":[{"start":{"line":33,"column":15},"end":{"line":33,"column":30}}],"line":33}},"s":{"0":3,"1":27,"2":27,"3":27},"f":{"0":27},"b":{"0":[21]},"_coverageSchema":"1a1c01bbd47fc00a2c39e90264f33305004495a9","hash":"ae34877d03ba193f0804834b2f35f326c8e66ab9"}
,"C:\\Users\\User\\Documents\\projects\\react-production\\src\\shared\\ui\\AppLink\\AppLink.tsx": {"path":"C:\\Users\\User\\Documents\\projects\\react-production\\src\\shared\\ui\\AppLink\\AppLink.tsx","statementMap":{"0":{"start":{"line":18,"column":41},"end":{"line":35,"column":1}},"1":{"start":{"line":24,"column":8},"end":{"line":24,"column":13}},"2":{"start":{"line":26,"column":4},"end":{"line":34,"column":6}}},"fnMap":{"0":{"name":"(anonymous_0)","decl":{"start":{"line":18,"column":41},"end":{"line":18,"column":42}},"loc":{"start":{"line":18,"column":52},"end":{"line":35,"column":1}},"line":18}},"branchMap":{"0":{"loc":{"start":{"line":22,"column":8},"end":{"line":22,"column":36}},"type":"default-arg","locations":[{"start":{"line":22,"column":16},"end":{"line":22,"column":36}}],"line":22}},"s":{"0":2,"1":20,"2":20},"f":{"0":20},"b":{"0":[19]},"_coverageSchema":"1a1c01bbd47fc00a2c39e90264f33305004495a9","hash":"b7fa928a2e9537a7735828aaff7a4f4be00c463a"}
,"C:\\Users\\User\\Documents\\projects\\react-production\\src\\shared\\ui\\Loader\\Loader.tsx": {"path":"C:\\Users\\User\\Documents\\projects\\react-production\\src\\shared\\ui\\Loader\\Loader.tsx","statementMap":{"0":{"start":{"line":10,"column":39},"end":{"line":30,"column":1}},"1":{"start":{"line":13,"column":8},"end":{"line":13,"column":13}},"2":{"start":{"line":15,"column":4},"end":{"line":29,"column":6}}},"fnMap":{"0":{"name":"(anonymous_0)","decl":{"start":{"line":10,"column":39},"end":{"line":10,"column":40}},"loc":{"start":{"line":10,"column":50},"end":{"line":30,"column":1}},"line":10}},"branchMap":{},"s":{"0":1,"1":3,"2":3},"f":{"0":3},"b":{},"_coverageSchema":"1a1c01bbd47fc00a2c39e90264f33305004495a9","hash":"16619ec98d30365df1cc22e860b6ad2a44a5b1e4"}
,"C:\\Users\\User\\Documents\\projects\\react-production\\src\\shared\\ui\\Modal\\Modal.tsx": {"path":"C:\\Users\\User\\Documents\\projects\\react-production\\src\\shared\\ui\\Modal\\Modal.tsx","statementMap":{"0":{"start":{"line":16,"column":28},"end":{"line":16,"column":31}},"1":{"start":{"line":18,"column":37},"end":{"line":85,"column":1}},"2":{"start":{"line":24,"column":8},"end":{"line":24,"column":13}},"3":{"start":{"line":26,"column":22},"end":{"line":26,"column":32}},"4":{"start":{"line":27,"column":16},"end":{"line":27,"column":59}},"5":{"start":{"line":28,"column":38},"end":{"line":28,"column":53}},"6":{"start":{"line":30,"column":42},"end":{"line":33,"column":5}},"7":{"start":{"line":35,"column":4},"end":{"line":47,"column":17}},"8":{"start":{"line":36,"column":26},"end":{"line":40,"column":9}},"9":{"start":{"line":37,"column":12},"end":{"line":39,"column":13}},"10":{"start":{"line":38,"column":16},"end":{"line":38,"column":36}},"11":{"start":{"line":42,"column":8},"end":{"line":42,"column":56}},"12":{"start":{"line":43,"column":8},"end":{"line":46,"column":10}},"13":{"start":{"line":44,"column":12},"end":{"line":44,"column":38}},"14":{"start":{"line":45,"column":12},"end":{"line":45,"column":63}},"15":{"start":{"line":49,"column":26},"end":{"line":57,"column":5}},"16":{"start":{"line":50,"column":8},"end":{"line":56,"column":9}},"17":{"start":{"line":51,"column":12},"end":{"line":51,"column":31}},"18":{"start":{"line":52,"column":12},"end":{"line":55,"column":36}},"19":{"start":{"line":53,"column":16},"end":{"line":53,"column":26}},"20":{"start":{"line":54,"column":16},"end":{"line":54,"column":36}},"21":{"start":{"line":59,"column":33},"end":{"line":61,"column":5}},"22":{"start":{"line":60,"column":8},"end":{"line":60,"column":28}},"23":{"start":{"line":63,"column":4},"end":{"line":84,"column":6}}},"fnMap":{"0":{"name":"(anonymous_0)","decl":{"start":{"line":18,"column":37},"end":{"line":18,"column":38}},"loc":{"start":{"line":18,"column":48},"end":{"line":85,"column":1}},"line":18},"1":{"name":"(anonymous_1)","decl":{"start":{"line":35,"column":14},"end":{"line":35,"column":15}},"loc":{"start":{"line":35,"column":20},"end":{"line":47,"column":5}},"line":35},"2":{"name":"(anonymous_2)","decl":{"start":{"line":36,"column":26},"end":{"line":36,"column":27}},"loc":{"start":{"line":36,"column":48},"end":{"line":40,"column":9}},"line":36},"3":{"name":"(anonymous_3)","decl":{"start":{"line":43,"column":15},"end":{"line":43,"column":16}},"loc":{"start":{"line":43,"column":21},"end":{"line":46,"column":9}},"line":43},"4":{"name":"(anonymous_4)","decl":{"start":{"line":49,"column":26},"end":{"line":49,"column":27}},"loc":{"start":{"line":49,"column":32},"end":{"line":57,"column":5}},"line":49},"5":{"name":"(anonymous_5)","decl":{"start":{"line":52,"column":37},"end":{"line":52,"column":38}},"loc":{"start":{"line":52,"column":43},"end":{"line":55,"column":13}},"line":52},"6":{"name":"(anonymous_6)","decl":{"start":{"line":59,"column":33},"end":{"line":59,"column":34}},"loc":{"start":{"line":59,"column":68},"end":{"line":61,"column":5}},"line":59}},"branchMap":{"0":{"loc":{"start":{"line":37,"column":12},"end":{"line":39,"column":13}},"type":"if","locations":[{"start":{"line":37,"column":12},"end":{"line":39,"column":13}},{"start":{},"end":{}}],"line":37},"1":{"loc":{"start":{"line":50,"column":8},"end":{"line":56,"column":9}},"type":"if","locations":[{"start":{"line":50,"column":8},"end":{"line":56,"column":9}},{"start":{},"end":{}}],"line":50}},"s":{"0":1,"1":1,"2":13,"3":12,"4":12,"5":12,"6":12,"7":12,"8":8,"9":0,"10":0,"11":8,"12":8,"13":8,"14":8,"15":12,"16":2,"17":2,"18":2,"19":2,"20":2,"21":12,"22":0,"23":12},"f":{"0":13,"1":8,"2":0,"3":8,"4":2,"5":2,"6":0},"b":{"0":[0,0],"1":[2,0]},"_coverageSchema":"1a1c01bbd47fc00a2c39e90264f33305004495a9","hash":"df14021bbbfc57114b6e125457bb77c3d6bcef88"}
,"C:\\Users\\User\\Documents\\projects\\react-production\\src\\shared\\ui\\Portal\\Portal.tsx": {"path":"C:\\Users\\User\\Documents\\projects\\react-production\\src\\shared\\ui\\Portal\\Portal.tsx","statementMap":{"0":{"start":{"line":9,"column":39},"end":{"line":16,"column":1}},"1":{"start":{"line":13,"column":8},"end":{"line":13,"column":13}},"2":{"start":{"line":15,"column":4},"end":{"line":15,"column":43}}},"fnMap":{"0":{"name":"(anonymous_0)","decl":{"start":{"line":9,"column":39},"end":{"line":9,"column":40}},"loc":{"start":{"line":9,"column":50},"end":{"line":16,"column":1}},"line":9}},"branchMap":{"0":{"loc":{"start":{"line":12,"column":8},"end":{"line":12,"column":31}},"type":"default-arg","locations":[{"start":{"line":12,"column":18},"end":{"line":12,"column":31}}],"line":12}},"s":{"0":1,"1":12,"2":12},"f":{"0":12},"b":{"0":[12]},"_coverageSchema":"1a1c01bbd47fc00a2c39e90264f33305004495a9","hash":"6372b26974beee19f32e0bf77c2f48ab0d893ced"}
,"C:\\Users\\User\\Documents\\projects\\react-production\\src\\widgets\\LangSwitcher\\index.ts": {"path":"C:\\Users\\User\\Documents\\projects\\react-production\\src\\widgets\\LangSwitcher\\index.ts","statementMap":{},"fnMap":{},"branchMap":{},"s":{},"f":{},"b":{},"_coverageSchema":"1a1c01bbd47fc00a2c39e90264f33305004495a9","hash":"998486df709c9c713144d62557c6706f935ac886"}
,"C:\\Users\\User\\Documents\\projects\\react-production\\src\\widgets\\LangSwitcher\\ui\\LangSwitcher.tsx": {"path":"C:\\Users\\User\\Documents\\projects\\react-production\\src\\widgets\\LangSwitcher\\ui\\LangSwitcher.tsx","statementMap":{"0":{"start":{"line":12,"column":51},"end":{"line":31,"column":1}},"1":{"start":{"line":13,"column":33},"end":{"line":13,"column":38}},"2":{"start":{"line":15,"column":24},"end":{"line":15,"column":53}},"3":{"start":{"line":17,"column":27},"end":{"line":19,"column":5}},"4":{"start":{"line":18,"column":8},"end":{"line":18,"column":66}},"5":{"start":{"line":21,"column":4},"end":{"line":30,"column":6}}},"fnMap":{"0":{"name":"(anonymous_0)","decl":{"start":{"line":12,"column":51},"end":{"line":12,"column":52}},"loc":{"start":{"line":12,"column":62},"end":{"line":31,"column":1}},"line":12},"1":{"name":"(anonymous_1)","decl":{"start":{"line":17,"column":27},"end":{"line":17,"column":28}},"loc":{"start":{"line":17,"column":33},"end":{"line":19,"column":5}},"line":17}},"branchMap":{"0":{"loc":{"start":{"line":18,"column":28},"end":{"line":18,"column":64}},"type":"cond-expr","locations":[{"start":{"line":18,"column":53},"end":{"line":18,"column":57}},{"start":{"line":18,"column":60},"end":{"line":18,"column":64}}],"line":18},"1":{"loc":{"start":{"line":28,"column":13},"end":{"line":28,"column":56}},"type":"cond-expr","locations":[{"start":{"line":28,"column":21},"end":{"line":28,"column":40}},{"start":{"line":28,"column":43},"end":{"line":28,"column":56}}],"line":28}},"s":{"0":2,"1":10,"2":10,"3":10,"4":0,"5":10},"f":{"0":10,"1":0},"b":{"0":[0,0],"1":[2,8]},"_coverageSchema":"1a1c01bbd47fc00a2c39e90264f33305004495a9","hash":"379b74901c3b0aaf9d0441564a32b4e279097c24"}
,"C:\\Users\\User\\Documents\\projects\\react-production\\src\\widgets\\SideBar\\ui\\SideBar\\SideBar.tsx": {"path":"C:\\Users\\User\\Documents\\projects\\react-production\\src\\widgets\\SideBar\\ui\\SideBar\\SideBar.tsx","statementMap":{"0":{"start":{"line":19,"column":41},"end":{"line":78,"column":1}},"1":{"start":{"line":20,"column":26},"end":{"line":20,"column":31}},"2":{"start":{"line":21,"column":18},"end":{"line":21,"column":59}},"3":{"start":{"line":23,"column":38},"end":{"line":23,"column":53}},"4":{"start":{"line":25,"column":28},"end":{"line":27,"column":5}},"5":{"start":{"line":26,"column":8},"end":{"line":26,"column":38}},"6":{"start":{"line":26,"column":31},"end":{"line":26,"column":36}},"7":{"start":{"line":29,"column":4},"end":{"line":77,"column":6}}},"fnMap":{"0":{"name":"(anonymous_0)","decl":{"start":{"line":19,"column":41},"end":{"line":19,"column":42}},"loc":{"start":{"line":19,"column":52},"end":{"line":78,"column":1}},"line":19},"1":{"name":"(anonymous_1)","decl":{"start":{"line":25,"column":28},"end":{"line":25,"column":29}},"loc":{"start":{"line":25,"column":34},"end":{"line":27,"column":5}},"line":25},"2":{"name":"(anonymous_2)","decl":{"start":{"line":26,"column":21},"end":{"line":26,"column":22}},"loc":{"start":{"line":26,"column":31},"end":{"line":26,"column":36}},"line":26}},"branchMap":{"0":{"loc":{"start":{"line":70,"column":17},"end":{"line":70,"column":38}},"type":"cond-expr","locations":[{"start":{"line":70,"column":29},"end":{"line":70,"column":32}},{"start":{"line":70,"column":35},"end":{"line":70,"column":38}}],"line":70}},"s":{"0":1,"1":5,"2":5,"3":5,"4":5,"5":1,"6":1,"7":5},"f":{"0":5,"1":1,"2":1},"b":{"0":[1,4]},"_coverageSchema":"1a1c01bbd47fc00a2c39e90264f33305004495a9","hash":"a947408aa6572cace713031533578e4b796fe397"}
,"C:\\Users\\User\\Documents\\projects\\react-production\\src\\widgets\\ThemeSwitcher\\index.ts": {"path":"C:\\Users\\User\\Documents\\projects\\react-production\\src\\widgets\\ThemeSwitcher\\index.ts","statementMap":{},"fnMap":{},"branchMap":{},"s":{},"f":{},"b":{},"_coverageSchema":"1a1c01bbd47fc00a2c39e90264f33305004495a9","hash":"353707cab85fad08412bd3169d78d2339d74ab67"}
,"C:\\Users\\User\\Documents\\projects\\react-production\\src\\widgets\\ThemeSwitcher\\ui\\ThemeSwitcher.tsx": {"path":"C:\\Users\\User\\Documents\\projects\\react-production\\src\\widgets\\ThemeSwitcher\\ui\\ThemeSwitcher.tsx","statementMap":{"0":{"start":{"line":13,"column":53},"end":{"line":27,"column":1}},"1":{"start":{"line":14,"column":26},"end":{"line":14,"column":31}},"2":{"start":{"line":16,"column":35},"end":{"line":16,"column":45}},"3":{"start":{"line":18,"column":4},"end":{"line":26,"column":6}}},"fnMap":{"0":{"name":"(anonymous_0)","decl":{"start":{"line":13,"column":53},"end":{"line":13,"column":54}},"loc":{"start":{"line":13,"column":64},"end":{"line":27,"column":1}},"line":13}},"branchMap":{"0":{"loc":{"start":{"line":24,"column":13},"end":{"line":24,"column":67}},"type":"cond-expr","locations":[{"start":{"line":24,"column":37},"end":{"line":24,"column":51}},{"start":{"line":24,"column":54},"end":{"line":24,"column":67}}],"line":24}},"s":{"0":1,"1":5,"2":5,"3":5},"f":{"0":5},"b":{"0":[0,5]},"_coverageSchema":"1a1c01bbd47fc00a2c39e90264f33305004495a9","hash":"d7e5eba3df359ab11b31694a25a3ba3b38417194"}
}
