TN:
SF:config\jest\SvgMockComponent.tsx
FN:1,(anonymous_0)
FNF:1
FNH:1
FNDA:20,(anonymous_0)
DA:1,20
LF:1
LH:1
BRF:0
BRH:0
end_of_record
TN:
SF:src\app\provider\themeProvider\index.ts
FNF:0
FNH:0
LF:0
LH:0
BRF:0
BRH:0
end_of_record
TN:
SF:src\app\provider\themeProvider\lib\ThemeContext.tsx
FNF:0
FNH:0
DA:8,2
DA:15,2
LF:2
LH:2
BRF:0
BRH:0
end_of_record
TN:
SF:src\app\provider\themeProvider\lib\useTheme.ts
FN:9,(anonymous_0)
FN:12,(anonymous_1)
FNF:2
FNH:1
FNDA:17,(anonymous_0)
FNDA:0,(anonymous_1)
DA:9,2
DA:10,17
DA:12,17
DA:13,0
DA:14,0
DA:15,0
DA:18,17
LF:7
LH:4
BRDA:13,0,0,0
BRDA:13,0,1,0
BRF:2
BRH:0
end_of_record
TN:
SF:src\app\provider\themeProvider\ui\ThemeProvider.tsx
FN:11,(anonymous_0)
FN:19,(anonymous_1)
FNF:2
FNH:0
FNDA:0,(anonymous_0)
FNDA:0,(anonymous_1)
DA:4,2
DA:11,2
DA:15,0
DA:17,0
DA:19,0
DA:24,0
LF:6
LH:2
BRDA:4,0,0,2
BRDA:4,0,1,2
BRDA:17,1,0,0
BRDA:17,1,1,0
BRF:4
BRH:2
end_of_record
TN:
SF:src\pages\AboutPage\index.ts
FNF:0
FNH:0
LF:0
LH:0
BRF:0
BRH:0
end_of_record
TN:
SF:src\pages\AboutPage\ui\AboutPageAsync.ts
FN:3,(anonymous_0)
FNF:1
FNH:0
FNDA:0,(anonymous_0)
DA:3,1
LF:1
LH:1
BRF:0
BRH:0
end_of_record
TN:
SF:src\pages\MainPage\index.ts
FNF:0
FNH:0
LF:0
LH:0
BRF:0
BRH:0
end_of_record
TN:
SF:src\pages\MainPage\ui\MainPage.tsx
FN:4,(anonymous_0)
FNF:1
FNH:0
FNDA:0,(anonymous_0)
DA:4,1
DA:5,0
DA:7,0
LF:3
LH:1
BRF:0
BRH:0
end_of_record
TN:
SF:src\pages\NewsPage\index.ts
FNF:0
FNH:0
LF:0
LH:0
BRF:0
BRH:0
end_of_record
TN:
SF:src\pages\NewsPage\ui\NewsPageAsync.tsx
FN:3,(anonymous_0)
FNF:1
FNH:0
FNDA:0,(anonymous_0)
DA:3,1
LF:1
LH:1
BRF:0
BRH:0
end_of_record
TN:
SF:src\pages\NotFound\index.ts
FNF:0
FNH:0
LF:0
LH:0
BRF:0
BRH:0
end_of_record
TN:
SF:src\pages\NotFound\ui\NotFound.tsx
FN:10,(anonymous_0)
FNF:1
FNH:0
FNDA:0,(anonymous_0)
DA:10,1
DA:11,0
DA:13,0
DA:15,0
LF:4
LH:1
BRF:0
BRH:0
end_of_record
TN:
SF:src\shared\config\configRoute.tsx\configRoute.tsx
FNF:0
FNH:0
DA:15,1
DA:22,1
LF:2
LH:2
BRF:0
BRH:0
end_of_record
TN:
SF:src\shared\config\i18n\testI18n.ts
FNF:0
FNH:0
DA:4,3
LF:1
LH:1
BRF:0
BRH:0
end_of_record
TN:
SF:src\shared\lib\classNames\classNames.tsx
FN:3,(anonymous_0)
FN:11,(anonymous_1)
FN:12,(anonymous_2)
FNF:3
FNH:3
FNDA:87,(anonymous_0)
FNDA:58,(anonymous_1)
FNDA:15,(anonymous_2)
DA:3,7
DA:7,87
DA:11,58
DA:12,15
LF:4
LH:4
BRDA:5,0,0,1
BRDA:6,1,0,2
BRF:2
BRH:2
end_of_record
TN:
SF:src\shared\lib\componentRender\componentRender.tsx
FN:11,(anonymous_0)
FNF:1
FNH:1
FNDA:14,(anonymous_0)
DA:11,3
DA:14,14
DA:16,14
LF:3
LH:3
BRDA:11,0,0,14
BRDA:13,1,0,14
BRF:2
BRH:2
end_of_record
TN:
SF:src\shared\ui\AppButton\AppButton.tsx
FN:27,(anonymous_0)
FNF:1
FNH:1
FNDA:27,(anonymous_0)
DA:27,3
DA:35,27
DA:37,27
DA:41,27
LF:4
LH:4
BRDA:33,0,0,21
BRF:1
BRH:1
end_of_record
TN:
SF:src\shared\ui\AppLink\AppLink.tsx
FN:18,(anonymous_0)
FNF:1
FNH:1
FNDA:20,(anonymous_0)
DA:18,2
DA:24,20
DA:26,20
LF:3
LH:3
BRDA:22,0,0,19
BRF:1
BRH:1
end_of_record
TN:
SF:src\shared\ui\Loader\Loader.tsx
FN:10,(anonymous_0)
FNF:1
FNH:1
FNDA:3,(anonymous_0)
DA:10,1
DA:13,3
DA:15,3
LF:3
LH:3
BRF:0
BRH:0
end_of_record
TN:
SF:src\shared\ui\Modal\Modal.tsx
FN:18,(anonymous_0)
FN:35,(anonymous_1)
FN:36,(anonymous_2)
FN:43,(anonymous_3)
FN:49,(anonymous_4)
FN:52,(anonymous_5)
FN:59,(anonymous_6)
FNF:7
FNH:5
FNDA:13,(anonymous_0)
FNDA:8,(anonymous_1)
FNDA:0,(anonymous_2)
FNDA:8,(anonymous_3)
FNDA:2,(anonymous_4)
FNDA:2,(anonymous_5)
FNDA:0,(anonymous_6)
DA:16,1
DA:18,1
DA:24,13
DA:26,12
DA:27,12
DA:28,12
DA:30,12
DA:35,12
DA:36,8
DA:37,0
DA:38,0
DA:42,8
DA:43,8
DA:44,8
DA:45,8
DA:49,12
DA:50,2
DA:51,2
DA:52,2
DA:53,2
DA:54,2
DA:59,12
DA:60,0
DA:63,12
LF:24
LH:21
BRDA:37,0,0,0
BRDA:37,0,1,0
BRDA:50,1,0,2
BRDA:50,1,1,0
BRF:4
BRH:1
end_of_record
TN:
SF:src\shared\ui\Portal\Portal.tsx
FN:9,(anonymous_0)
FNF:1
FNH:1
FNDA:12,(anonymous_0)
DA:9,1
DA:13,12
DA:15,12
LF:3
LH:3
BRDA:12,0,0,12
BRF:1
BRH:1
end_of_record
TN:
SF:src\widgets\LangSwitcher\index.ts
FNF:0
FNH:0
LF:0
LH:0
BRF:0
BRH:0
end_of_record
TN:
SF:src\widgets\LangSwitcher\ui\LangSwitcher.tsx
FN:12,(anonymous_0)
FN:17,(anonymous_1)
FNF:2
FNH:1
FNDA:10,(anonymous_0)
FNDA:0,(anonymous_1)
DA:12,2
DA:13,10
DA:15,10
DA:17,10
DA:18,0
DA:21,10
LF:6
LH:5
BRDA:18,0,0,0
BRDA:18,0,1,0
BRDA:28,1,0,2
BRDA:28,1,1,8
BRF:4
BRH:2
end_of_record
TN:
SF:src\widgets\SideBar\ui\SideBar\SideBar.tsx
FN:19,(anonymous_0)
FN:25,(anonymous_1)
FN:26,(anonymous_2)
FNF:3
FNH:3
FNDA:5,(anonymous_0)
FNDA:1,(anonymous_1)
FNDA:1,(anonymous_2)
DA:19,1
DA:20,5
DA:21,5
DA:23,5
DA:25,5
DA:26,1
DA:29,5
LF:7
LH:7
BRDA:70,0,0,1
BRDA:70,0,1,4
BRF:2
BRH:2
end_of_record
TN:
SF:src\widgets\ThemeSwitcher\index.ts
FNF:0
FNH:0
LF:0
LH:0
BRF:0
BRH:0
end_of_record
TN:
SF:src\widgets\ThemeSwitcher\ui\ThemeSwitcher.tsx
FN:13,(anonymous_0)
FNF:1
FNH:1
FNDA:5,(anonymous_0)
DA:13,1
DA:14,5
DA:16,5
DA:18,5
LF:4
LH:4
BRDA:24,0,0,0
BRDA:24,0,1,5
BRF:2
BRH:1
end_of_record
